Thu Oct 29 15:37:13 GMT 2015  [debug] AvalonLogChute initialized using file 'velocity.log'
Thu Oct 29 15:37:13 GMT 2015  [trace] *******************************************************************
Thu Oct 29 15:37:13 GMT 2015  [debug] Starting Jakarta Velocity v1.5-SNAPSHOT (compiled: 2006-07-21 06:25:35)
Thu Oct 29 15:37:13 GMT 2015  [trace] RuntimeInstance initializing.
Thu Oct 29 15:37:13 GMT 2015  [debug] Default Properties File: org/apache/velocity/runtime/defaults/velocity.properties
Thu Oct 29 15:37:13 GMT 2015  [debug] Trying to use logger class org.apache.velocity.runtime.log.AvalonLogChute
Thu Oct 29 15:37:13 GMT 2015  [debug] Using logger class org.apache.velocity.runtime.log.AvalonLogChute
Thu Oct 29 15:37:13 GMT 2015  [debug] Default ResourceManager initializing. (class org.apache.velocity.runtime.resource.ResourceManagerImpl)
Thu Oct 29 15:37:13 GMT 2015  [debug] ResourceLoader instantiated: org.apache.velocity.runtime.resource.loader.ClasspathResourceLoader
Thu Oct 29 15:37:13 GMT 2015  [trace] ClasspathResourceLoader : initialization complete.
Thu Oct 29 15:37:13 GMT 2015  [debug] ResourceCache: initialized (class org.apache.velocity.runtime.resource.ResourceCacheImpl)
Thu Oct 29 15:37:13 GMT 2015  [trace] Default ResourceManager initialization complete.
Thu Oct 29 15:37:13 GMT 2015  [debug] Loaded System Directive: org.apache.velocity.runtime.directive.Literal
Thu Oct 29 15:37:13 GMT 2015  [debug] Loaded System Directive: org.apache.velocity.runtime.directive.Macro
Thu Oct 29 15:37:13 GMT 2015  [debug] Loaded System Directive: org.apache.velocity.runtime.directive.Parse
Thu Oct 29 15:37:13 GMT 2015  [debug] Loaded System Directive: org.apache.velocity.runtime.directive.Include
Thu Oct 29 15:37:13 GMT 2015  [debug] Loaded System Directive: org.apache.velocity.runtime.directive.Foreach
Thu Oct 29 15:37:13 GMT 2015  [debug] Created '20' parsers.
Thu Oct 29 15:37:13 GMT 2015  [trace] Velocimacro : initialization starting.
Thu Oct 29 15:37:13 GMT 2015  [debug] Velocimacro : "velocimacro.library" is not set.  Trying default library: VM_global_library.vm
Thu Oct 29 15:37:13 GMT 2015  [debug] Velocimacro : Default library not found.
Thu Oct 29 15:37:13 GMT 2015  [debug] Velocimacro : allowInline = true : VMs can be defined inline in templates
Thu Oct 29 15:37:13 GMT 2015  [debug] Velocimacro : allowInlineToOverride = false : VMs defined inline may NOT replace previous VM definitions
Thu Oct 29 15:37:13 GMT 2015  [debug] Velocimacro : allowInlineLocal = false : VMs defined inline will be global in scope if allowed.
Thu Oct 29 15:37:13 GMT 2015  [debug] Velocimacro : autoload off : VM system will not automatically reload global library macros
Thu Oct 29 15:37:13 GMT 2015  [trace] Velocimacro : initialization complete.
Thu Oct 29 15:37:13 GMT 2015  [trace] RuntimeInstance successfully initialized.
Thu Oct 29 15:37:13 GMT 2015  [debug] ResourceManager : found templates/tagOverview.vm with loader org.apache.velocity.runtime.resource.loader.ClasspathResourceLoader
